2015-11-12 15:12:02,280 514  [main] INFO  systemhealth.util.JSONHelper [JSONHelper.java:62] - Server health stat: serverName=AURD-AI168889
deviceID=C:, totalSizeKB=488384532, freeSizeKB=420383844, percentDiskFree=86.08
deviceID=G:, totalSizeKB=219343512, freeSizeKB=15145880, percentDiskFree=6.91
deviceID=H:, totalSizeKB=3140961984, freeSizeKB=45866296, percentDiskFree=1.46
deviceID=Z:, totalSizeKB=41941980, freeSizeKB=13982724, percentDiskFree=33.34
serverUpTimeDays=0.863,
percentCPUUsage=5.497

2015-11-12 16:30:25,213 406  [main] INFO  systemhealth.util.JSONHelper [JSONHelper.java:62] - 
Server health stat: serverName=AURD-AI168889
deviceID=C:, totalSizeKB=488384532, freeSizeKB=420383844, percentDiskFree=86.08
deviceID=G:, totalSizeKB=219343512, freeSizeKB=15145880, percentDiskFree=6.91
deviceID=H:, totalSizeKB=3140961984, freeSizeKB=45866296, percentDiskFree=1.46
deviceID=Z:, totalSizeKB=41941980, freeSizeKB=13982724, percentDiskFree=33.34
serverUpTimeDays=0.863,
percentCPUUsage=5.497

2015-11-12 16:30:39,799 405  [main] INFO  systemhealth.util.JSONHelper [JSONHelper.java:62] - 
Server health stat: 
serverName=AURD-AI168889
deviceID=C:, totalSizeKB=488384532, freeSizeKB=420383844, percentDiskFree=86.08
deviceID=G:, totalSizeKB=219343512, freeSizeKB=15145880, percentDiskFree=6.91
deviceID=H:, totalSizeKB=3140961984, freeSizeKB=45866296, percentDiskFree=1.46
deviceID=Z:, totalSizeKB=41941980, freeSizeKB=13982724, percentDiskFree=33.34
serverUpTimeDays=0.863,
percentCPUUsage=5.497

