2015-11-11 09:27:23,041 7759 [main] ERROR c.rtn.systemhealth.util.JSONHelper [JSONHelper.java:61] - Failed to unmarshall json file: serverhealth.json
com.fasterxml.jackson.core.JsonParseException: Unexpected character (':' (code 58)): was expecting comma to separate ARRAY entries
 at [Source: serverhealth.json; line: 5, column: 17]
	at com.fasterxml.jackson.core.JsonParser._constructError(JsonParser.java:1486) ~[jackson-core-2.5.0.jar:2.5.0]
	at com.fasterxml.jackson.core.base.ParserMinimalBase._reportError(ParserMinimalBase.java:518) ~[jackson-core-2.5.0.jar:2.5.0]
	at com.fasterxml.jackson.core.base.ParserMinimalBase._reportUnexpectedChar(ParserMinimalBase.java:447) ~[jackson-core-2.5.0.jar:2.5.0]
	at com.fasterxml.jackson.core.json.UTF8StreamJsonParser.nextToken(UTF8StreamJsonParser.java:687) ~[jackson-core-2.5.0.jar:2.5.0]
	at com.fasterxml.jackson.databind.deser.std.BaseNodeDeserializer.deserializeArray(JsonNodeDeserializer.java:264) ~[jackson-databind-2.6.2.jar:2.6.2]
	at com.fasterxml.jackson.databind.deser.std.BaseNodeDeserializer.deserializeObject(JsonNodeDeserializer.java:227) ~[jackson-databind-2.6.2.jar:2.6.2]
	at com.fasterxml.jackson.databind.deser.std.JsonNodeDeserializer.deserialize(JsonNodeDeserializer.java:69) ~[jackson-databind-2.6.2.jar:2.6.2]
	at com.fasterxml.jackson.databind.deser.std.JsonNodeDeserializer.deserialize(JsonNodeDeserializer.java:15) ~[jackson-databind-2.6.2.jar:2.6.2]
	at com.fasterxml.jackson.databind.ObjectMapper._readMapAndClose(ObjectMapper.java:3731) ~[jackson-databind-2.6.2.jar:2.6.2]
	at com.fasterxml.jackson.databind.ObjectMapper.readTree(ObjectMapper.java:2322) ~[jackson-databind-2.6.2.jar:2.6.2]
	at com.rtn.systemhealth.util.JSONHelper.toServerHealthStat(JSONHelper.java:37) [bin/:na]
	at com.rtn.systemhealth.util.JSONHelper.main(JSONHelper.java:71) [bin/:na]
2015-11-11 09:35:22,189 35332 [main] DEBUG c.rtn.systemhealth.util.JSONHelper [JSONHelper.java:55] - Disks: [{"deviceID":"C:","totalSizeKB":488384532,"freeSizeKB":422020048,"percentDiskFree":86.41},{"deviceID":"G:","totalSizeKB":219343512,"freeSizeKB":15146576,"percentDiskFree":6.91},{"deviceID":"H:","totalSizeKB":3140961984,"freeSizeKB":49190456,"percentDiskFree":1.57},{"deviceID":"Z:","totalSizeKB":41941980,"freeSizeKB":14109048,"percentDiskFree":33.64}]
2015-11-11 10:02:48,145 7940 [main] DEBUG c.rtn.systemhealth.util.JSONHelper [JSONHelper.java:55] - Disks: [{"deviceID":"C:","totalSizeKB":488384532,"freeSizeKB":422020048,"percentDiskFree":86.41},{"deviceID":"G:","totalSizeKB":219343512,"freeSizeKB":15146576,"percentDiskFree":6.91},{"deviceID":"H:","totalSizeKB":3140961984,"freeSizeKB":49190456,"percentDiskFree":1.57},{"deviceID":"Z:","totalSizeKB":41941980,"freeSizeKB":14109048,"percentDiskFree":33.64}]
2015-11-11 10:02:57,396 17191 [main] ERROR c.rtn.systemhealth.util.JSONHelper [JSONHelper.java:61] - Failed to unmarshall json file: serverhealth.json
com.fasterxml.jackson.databind.JsonMappingException: Numeric value (3140961984) out of range of int
 at [Source: [{"deviceID":"C:","totalSizeKB":488384532,"freeSizeKB":422020048,"percentDiskFree":86.41},{"deviceID":"G:","totalSizeKB":219343512,"freeSizeKB":15146576,"percentDiskFree":6.91},{"deviceID":"H:","totalSizeKB":3140961984,"freeSizeKB":49190456,"percentDiskFree":1.57},{"deviceID":"Z:","totalSizeKB":41941980,"freeSizeKB":14109048,"percentDiskFree":33.64}]; line: 1, column: 219] (through reference chain: java.util.ArrayList[2]->com.rtn.systemhealth.data.Disk["totalSizeKB"])
	at com.fasterxml.jackson.databind.JsonMappingException.wrapWithPath(JsonMappingException.java:210) ~[jackson-databind-2.6.3.jar:2.6.3]
	at com.fasterxml.jackson.databind.JsonMappingException.wrapWithPath(JsonMappingException.java:177) ~[jackson-databind-2.6.3.jar:2.6.3]
	at com.fasterxml.jackson.databind.deser.BeanDeserializerBase.wrapAndThrow(BeanDeserializerBase.java:1474) ~[jackson-databind-2.6.3.jar:2.6.3]
	at com.fasterxml.jackson.databind.deser.BeanDeserializer.vanillaDeserialize(BeanDeserializer.java:260) ~[jackson-databind-2.6.3.jar:2.6.3]
	at com.fasterxml.jackson.databind.deser.BeanDeserializer.deserialize(BeanDeserializer.java:125) ~[jackson-databind-2.6.3.jar:2.6.3]
	at com.fasterxml.jackson.databind.deser.std.CollectionDeserializer.deserialize(CollectionDeserializer.java:245) ~[jackson-databind-2.6.3.jar:2.6.3]
	at com.fasterxml.jackson.databind.deser.std.CollectionDeserializer.deserialize(CollectionDeserializer.java:217) ~[jackson-databind-2.6.3.jar:2.6.3]
	at com.fasterxml.jackson.databind.deser.std.CollectionDeserializer.deserialize(CollectionDeserializer.java:25) ~[jackson-databind-2.6.3.jar:2.6.3]
	at com.fasterxml.jackson.databind.ObjectMapper._readMapAndClose(ObjectMapper.java:3736) ~[jackson-databind-2.6.3.jar:2.6.3]
	at com.fasterxml.jackson.databind.ObjectMapper.readValue(ObjectMapper.java:2745) ~[jackson-databind-2.6.3.jar:2.6.3]
	at com.rtn.systemhealth.util.JSONHelper.toServerHealthStat(JSONHelper.java:56) [bin/:na]
	at com.rtn.systemhealth.util.JSONHelper.main(JSONHelper.java:71) [bin/:na]
Caused by: com.fasterxml.jackson.core.JsonParseException: Numeric value (3140961984) out of range of int
 at [Source: [{"deviceID":"C:","totalSizeKB":488384532,"freeSizeKB":422020048,"percentDiskFree":86.41},{"deviceID":"G:","totalSizeKB":219343512,"freeSizeKB":15146576,"percentDiskFree":6.91},{"deviceID":"H:","totalSizeKB":3140961984,"freeSizeKB":49190456,"percentDiskFree":1.57},{"deviceID":"Z:","totalSizeKB":41941980,"freeSizeKB":14109048,"percentDiskFree":33.64}]; line: 1, column: 219]
	at com.fasterxml.jackson.core.JsonParser._constructError(JsonParser.java:1581) ~[jackson-core-2.6.3.jar:2.6.3]
	at com.fasterxml.jackson.core.base.ParserMinimalBase._reportError(ParserMinimalBase.java:533) ~[jackson-core-2.6.3.jar:2.6.3]
	at com.fasterxml.jackson.core.base.ParserBase.convertNumberToInt(ParserBase.java:890) ~[jackson-core-2.6.3.jar:2.6.3]
	at com.fasterxml.jackson.core.base.ParserBase._parseIntValue(ParserBase.java:828) ~[jackson-core-2.6.3.jar:2.6.3]
	at com.fasterxml.jackson.core.base.ParserBase.getIntValue(ParserBase.java:656) ~[jackson-core-2.6.3.jar:2.6.3]
	at com.fasterxml.jackson.databind.deser.std.NumberDeserializers$IntegerDeserializer.deserialize(NumberDeserializers.java:307) ~[jackson-databind-2.6.3.jar:2.6.3]
	at com.fasterxml.jackson.databind.deser.std.NumberDeserializers$IntegerDeserializer.deserialize(NumberDeserializers.java:287) ~[jackson-databind-2.6.3.jar:2.6.3]
	at com.fasterxml.jackson.databind.deser.SettableBeanProperty.deserialize(SettableBeanProperty.java:520) ~[jackson-databind-2.6.3.jar:2.6.3]
	at com.fasterxml.jackson.databind.deser.impl.MethodProperty.deserializeAndSet(MethodProperty.java:95) ~[jackson-databind-2.6.3.jar:2.6.3]
	at com.fasterxml.jackson.databind.deser.BeanDeserializer.vanillaDeserialize(BeanDeserializer.java:258) ~[jackson-databind-2.6.3.jar:2.6.3]
	... 8 common frames omitted
2015-11-11 10:04:15,119 11450 [main] DEBUG c.rtn.systemhealth.util.JSONHelper [JSONHelper.java:55] - Disks: [{"deviceID":"C:","totalSizeKB":488384532,"freeSizeKB":422020048,"percentDiskFree":86.41},{"deviceID":"G:","totalSizeKB":219343512,"freeSizeKB":15146576,"percentDiskFree":6.91},{"deviceID":"H:","totalSizeKB":3140961984,"freeSizeKB":49190456,"percentDiskFree":1.57},{"deviceID":"Z:","totalSizeKB":41941980,"freeSizeKB":14109048,"percentDiskFree":33.64}]
2015-11-11 10:04:20,034 16365 [main] DEBUG c.rtn.systemhealth.util.JSONHelper [JSONHelper.java:58] - ServerName = AURD-AI168889
2015-11-11 11:41:42,281 203  [main] DEBUG c.r.s.data.ServerHealthStat [ServerHealthStat.java:84] - Hello world
2015-11-11 11:42:42,497 15425 [main] INFO  c.rtn.systemhealth.util.JSONHelper [JSONHelper.java:65] - Server health stat: serverName=AURD-AI168889
percentCPUUsage=24.3
deviceID=C:
totalSizeKB=488384532
deviceID=G:
totalSizeKB=219343512
deviceID=H:
totalSizeKB=3140961984
deviceID=Z:
totalSizeKB=41941980

2015-11-11 11:44:50,518 187  [main] DEBUG c.r.s.data.ServerHealthStat [ServerHealthStat.java:86] - Hello world
2015-11-11 11:45:23,012 10185 [main] INFO  c.rtn.systemhealth.util.JSONHelper [JSONHelper.java:65] - Server health stat: serverName=AURD-AI168889
percentCPUUsage=24.3
deviceID=C:, totalSizeKB=488384532, freeSizeKB=422020048, percentDiskFree=86.41
deviceID=G:, totalSizeKB=219343512, freeSizeKB=15146576, percentDiskFree=6.91
deviceID=H:, totalSizeKB=3140961984, freeSizeKB=49190456, percentDiskFree=1.57
deviceID=Z:, totalSizeKB=41941980, freeSizeKB=14109048, percentDiskFree=33.64

2015-11-11 15:17:08,430 187  [main] INFO  org.quartz.impl.StdSchedulerFactory [StdSchedulerFactory.java:1172] - Using default implementation for ThreadExecutor
2015-11-11 15:17:08,462 219  [main] INFO  o.quartz.core.SchedulerSignalerImpl [SchedulerSignalerImpl.java:61] - Initialized Scheduler Signaller of type: class org.quartz.core.SchedulerSignalerImpl
2015-11-11 15:17:08,462 219  [main] INFO  org.quartz.core.QuartzScheduler [QuartzScheduler.java:240] - Quartz Scheduler v.2.2.2 created.
2015-11-11 15:17:08,462 219  [main] INFO  org.quartz.simpl.RAMJobStore [RAMJobStore.java:155] - RAMJobStore initialized.
2015-11-11 15:17:08,462 219  [main] INFO  org.quartz.core.QuartzScheduler [QuartzScheduler.java:305] - Scheduler meta-data: Quartz Scheduler (v2.2.2) 'MyScheduler' with instanceId 'NON_CLUSTERED'
  Scheduler class: 'org.quartz.core.QuartzScheduler' - running locally.
  NOT STARTED.
  Currently in standby mode.
  Number of jobs executed: 0
  Using thread pool 'org.quartz.simpl.SimpleThreadPool' - with 3 threads.
  Using job-store 'org.quartz.simpl.RAMJobStore' - which does not support persistence. and is not clustered.

2015-11-11 15:17:08,462 219  [main] INFO  org.quartz.impl.StdSchedulerFactory [StdSchedulerFactory.java:1327] - Quartz scheduler 'MyScheduler' initialized from default resource file in Quartz package: 'quartz.properties'
2015-11-11 15:17:08,462 219  [main] INFO  org.quartz.impl.StdSchedulerFactory [StdSchedulerFactory.java:1331] - Quartz scheduler version: 2.2.2
2015-11-11 15:17:08,477 234  [main] INFO  com.rtn.systemhealth.job.ScannerJob [ScannerJob.java:64] - group1.scannerjob will run at: Wed Nov 11 15:17:08 MST 2015 and repeat: -1 times, every 60 seconds
2015-11-11 15:17:08,477 234  [main] INFO  com.rtn.systemhealth.job.ScannerJob [ScannerJob.java:67] - ------- Starting Scheduler ----------------
2015-11-11 15:17:08,477 234  [main] INFO  org.quartz.core.QuartzScheduler [QuartzScheduler.java:575] - Scheduler MyScheduler_$_NON_CLUSTERED started.
2015-11-11 15:17:08,477 234  [main] INFO  com.rtn.systemhealth.job.ScannerJob [ScannerJob.java:75] - ------- Started Scheduler -----------------
2015-11-11 15:17:08,477 234  [main] INFO  org.quartz.core.QuartzScheduler [QuartzScheduler.java:694] - Scheduler MyScheduler_$_NON_CLUSTERED shutting down.
2015-11-11 15:17:08,477 234  [main] INFO  org.quartz.core.QuartzScheduler [QuartzScheduler.java:613] - Scheduler MyScheduler_$_NON_CLUSTERED paused.
2015-11-11 15:17:08,477 234  [main] DEBUG org.quartz.simpl.SimpleThreadPool [SimpleThreadPool.java:328] - Shutting down threadpool...
2015-11-11 15:17:08,477 234  [main] DEBUG org.quartz.simpl.SimpleThreadPool [SimpleThreadPool.java:395] - Shutdown of threadpool complete.
2015-11-11 15:17:08,477 234  [MyScheduler_QuartzSchedulerThread] DEBUG o.quartz.core.QuartzSchedulerThread [QuartzSchedulerThread.java:276] - batch acquisition of 1 triggers
2015-11-11 15:17:08,477 234  [main] INFO  org.quartz.core.QuartzScheduler [QuartzScheduler.java:771] - Scheduler MyScheduler_$_NON_CLUSTERED shutdown complete.
2015-11-11 15:17:08,945 702  [MyScheduler_Worker-1] DEBUG org.quartz.simpl.SimpleThreadPool [SimpleThreadPool.java:612] - WorkerThread is shut down.
2015-11-11 15:17:08,945 702  [MyScheduler_Worker-3] DEBUG org.quartz.simpl.SimpleThreadPool [SimpleThreadPool.java:612] - WorkerThread is shut down.
2015-11-11 15:17:08,945 702  [MyScheduler_Worker-2] DEBUG org.quartz.simpl.SimpleThreadPool [SimpleThreadPool.java:612] - WorkerThread is shut down.
2015-11-11 15:17:41,111 218  [main] INFO  org.quartz.impl.StdSchedulerFactory [StdSchedulerFactory.java:1172] - Using default implementation for ThreadExecutor
2015-11-11 15:17:41,127 234  [main] INFO  o.quartz.core.SchedulerSignalerImpl [SchedulerSignalerImpl.java:61] - Initialized Scheduler Signaller of type: class org.quartz.core.SchedulerSignalerImpl
2015-11-11 15:17:41,127 234  [main] INFO  org.quartz.core.QuartzScheduler [QuartzScheduler.java:240] - Quartz Scheduler v.2.2.2 created.
2015-11-11 15:17:41,127 234  [main] INFO  org.quartz.simpl.RAMJobStore [RAMJobStore.java:155] - RAMJobStore initialized.
2015-11-11 15:17:41,127 234  [main] INFO  org.quartz.core.QuartzScheduler [QuartzScheduler.java:305] - Scheduler meta-data: Quartz Scheduler (v2.2.2) 'MyScheduler' with instanceId 'NON_CLUSTERED'
  Scheduler class: 'org.quartz.core.QuartzScheduler' - running locally.
  NOT STARTED.
  Currently in standby mode.
  Number of jobs executed: 0
  Using thread pool 'org.quartz.simpl.SimpleThreadPool' - with 3 threads.
  Using job-store 'org.quartz.simpl.RAMJobStore' - which does not support persistence. and is not clustered.

2015-11-11 15:17:41,127 234  [main] INFO  org.quartz.impl.StdSchedulerFactory [StdSchedulerFactory.java:1327] - Quartz scheduler 'MyScheduler' initialized from default resource file in Quartz package: 'quartz.properties'
2015-11-11 15:17:41,127 234  [main] INFO  org.quartz.impl.StdSchedulerFactory [StdSchedulerFactory.java:1331] - Quartz scheduler version: 2.2.2
2015-11-11 15:17:41,142 249  [main] INFO  com.rtn.systemhealth.job.ScannerJob [ScannerJob.java:64] - group1.scannerjob will run at: Wed Nov 11 15:17:41 MST 2015 and repeat: -1 times, every 60 seconds
2015-11-11 15:17:41,142 249  [main] INFO  com.rtn.systemhealth.job.ScannerJob [ScannerJob.java:67] - ------- Starting Scheduler ----------------
2015-11-11 15:17:41,142 249  [main] INFO  org.quartz.core.QuartzScheduler [QuartzScheduler.java:575] - Scheduler MyScheduler_$_NON_CLUSTERED started.
2015-11-11 15:17:41,142 249  [main] INFO  com.rtn.systemhealth.job.ScannerJob [ScannerJob.java:75] - ------- Started Scheduler -----------------
2015-11-11 15:17:41,142 249  [MyScheduler_QuartzSchedulerThread] DEBUG o.quartz.core.QuartzSchedulerThread [QuartzSchedulerThread.java:276] - batch acquisition of 1 triggers
2015-11-11 15:17:41,142 249  [MyScheduler_QuartzSchedulerThread] DEBUG o.q.simpl.PropertySettingJobFactory [SimpleJobFactory.java:51] - Producing instance of Job 'group1.scannerjob', class=com.rtn.systemhealth.job.ScannerJob
2015-11-11 15:17:41,142 249  [MyScheduler_QuartzSchedulerThread] DEBUG o.quartz.core.QuartzSchedulerThread [QuartzSchedulerThread.java:276] - batch acquisition of 0 triggers
2015-11-11 15:17:41,142 249  [MyScheduler_Worker-1] DEBUG org.quartz.core.JobRunShell [JobRunShell.java:201] - Calling execute on job group1.scannerjob
2015-11-11 15:17:41,142 249  [MyScheduler_Worker-1] DEBUG com.rtn.systemhealth.job.ScannerJob [ScannerJob.java:40] - executing...
2015-11-11 15:17:41,142 249  [MyScheduler_QuartzSchedulerThread] DEBUG o.quartz.core.QuartzSchedulerThread [QuartzSchedulerThread.java:276] - batch acquisition of 0 triggers
2015-11-11 15:18:08,332 27439 [MyScheduler_QuartzSchedulerThread] DEBUG o.quartz.core.QuartzSchedulerThread [QuartzSchedulerThread.java:276] - batch acquisition of 0 triggers
2015-11-11 15:18:37,291 56398 [MyScheduler_QuartzSchedulerThread] DEBUG o.quartz.core.QuartzSchedulerThread [QuartzSchedulerThread.java:276] - batch acquisition of 1 triggers
2015-11-11 15:18:41,145 60252 [MyScheduler_QuartzSchedulerThread] DEBUG o.q.simpl.PropertySettingJobFactory [SimpleJobFactory.java:51] - Producing instance of Job 'group1.scannerjob', class=com.rtn.systemhealth.job.ScannerJob
2015-11-11 15:18:41,145 60252 [MyScheduler_QuartzSchedulerThread] DEBUG o.quartz.core.QuartzSchedulerThread [QuartzSchedulerThread.java:276] - batch acquisition of 0 triggers
2015-11-11 15:18:41,145 60252 [MyScheduler_Worker-2] DEBUG org.quartz.core.JobRunShell [JobRunShell.java:201] - Calling execute on job group1.scannerjob
2015-11-11 15:18:41,145 60252 [MyScheduler_Worker-2] DEBUG com.rtn.systemhealth.job.ScannerJob [ScannerJob.java:40] - executing...
2015-11-11 15:18:41,145 60252 [MyScheduler_QuartzSchedulerThread] DEBUG o.quartz.core.QuartzSchedulerThread [QuartzSchedulerThread.java:276] - batch acquisition of 0 triggers
2015-11-11 15:19:07,931 87038 [MyScheduler_QuartzSchedulerThread] DEBUG o.quartz.core.QuartzSchedulerThread [QuartzSchedulerThread.java:276] - batch acquisition of 0 triggers
2015-11-11 15:19:36,323 115430 [MyScheduler_QuartzSchedulerThread] DEBUG o.quartz.core.QuartzSchedulerThread [QuartzSchedulerThread.java:276] - batch acquisition of 1 triggers
2015-11-11 15:19:41,144 120251 [MyScheduler_QuartzSchedulerThread] DEBUG o.q.simpl.PropertySettingJobFactory [SimpleJobFactory.java:51] - Producing instance of Job 'group1.scannerjob', class=com.rtn.systemhealth.job.ScannerJob
2015-11-11 15:19:41,144 120251 [MyScheduler_QuartzSchedulerThread] DEBUG o.quartz.core.QuartzSchedulerThread [QuartzSchedulerThread.java:276] - batch acquisition of 0 triggers
2015-11-11 15:19:41,144 120251 [MyScheduler_Worker-3] DEBUG org.quartz.core.JobRunShell [JobRunShell.java:201] - Calling execute on job group1.scannerjob
2015-11-11 15:19:41,144 120251 [MyScheduler_Worker-3] DEBUG com.rtn.systemhealth.job.ScannerJob [ScannerJob.java:40] - executing...
2015-11-11 15:19:41,144 120251 [MyScheduler_QuartzSchedulerThread] DEBUG o.quartz.core.QuartzSchedulerThread [QuartzSchedulerThread.java:276] - batch acquisition of 0 triggers
2015-11-11 15:20:06,744 145851 [MyScheduler_QuartzSchedulerThread] DEBUG o.quartz.core.QuartzSchedulerThread [QuartzSchedulerThread.java:276] - batch acquisition of 0 triggers
2015-11-11 15:20:33,608 172715 [MyScheduler_QuartzSchedulerThread] DEBUG o.quartz.core.QuartzSchedulerThread [QuartzSchedulerThread.java:276] - batch acquisition of 1 triggers
2015-11-11 15:20:41,144 180251 [MyScheduler_QuartzSchedulerThread] DEBUG o.q.simpl.PropertySettingJobFactory [SimpleJobFactory.java:51] - Producing instance of Job 'group1.scannerjob', class=com.rtn.systemhealth.job.ScannerJob
2015-11-11 15:20:41,144 180251 [MyScheduler_QuartzSchedulerThread] DEBUG o.quartz.core.QuartzSchedulerThread [QuartzSchedulerThread.java:276] - batch acquisition of 0 triggers
2015-11-11 15:20:41,144 180251 [MyScheduler_Worker-1] DEBUG org.quartz.core.JobRunShell [JobRunShell.java:201] - Calling execute on job group1.scannerjob
2015-11-11 15:20:41,144 180251 [MyScheduler_Worker-1] DEBUG com.rtn.systemhealth.job.ScannerJob [ScannerJob.java:40] - executing...
2015-11-11 15:20:41,144 180251 [MyScheduler_QuartzSchedulerThread] DEBUG o.quartz.core.QuartzSchedulerThread [QuartzSchedulerThread.java:276] - batch acquisition of 0 triggers
2015-11-11 15:21:07,430 206537 [MyScheduler_QuartzSchedulerThread] DEBUG o.quartz.core.QuartzSchedulerThread [QuartzSchedulerThread.java:276] - batch acquisition of 0 triggers
2015-11-11 15:21:35,058 234165 [MyScheduler_QuartzSchedulerThread] DEBUG o.quartz.core.QuartzSchedulerThread [QuartzSchedulerThread.java:276] - batch acquisition of 1 triggers
2015-11-11 15:21:41,148 240255 [MyScheduler_QuartzSchedulerThread] DEBUG o.q.simpl.PropertySettingJobFactory [SimpleJobFactory.java:51] - Producing instance of Job 'group1.scannerjob', class=com.rtn.systemhealth.job.ScannerJob
2015-11-11 15:21:41,148 240255 [MyScheduler_Worker-2] DEBUG org.quartz.core.JobRunShell [JobRunShell.java:201] - Calling execute on job group1.scannerjob
2015-11-11 15:21:41,148 240255 [MyScheduler_QuartzSchedulerThread] DEBUG o.quartz.core.QuartzSchedulerThread [QuartzSchedulerThread.java:276] - batch acquisition of 0 triggers
2015-11-11 15:21:41,148 240255 [MyScheduler_Worker-2] DEBUG com.rtn.systemhealth.job.ScannerJob [ScannerJob.java:40] - executing...
2015-11-11 15:21:41,148 240255 [MyScheduler_QuartzSchedulerThread] DEBUG o.quartz.core.QuartzSchedulerThread [QuartzSchedulerThread.java:276] - batch acquisition of 0 triggers
2015-11-11 15:22:07,121 266228 [MyScheduler_QuartzSchedulerThread] DEBUG o.quartz.core.QuartzSchedulerThread [QuartzSchedulerThread.java:276] - batch acquisition of 0 triggers
2015-11-11 15:22:30,740 289847 [MyScheduler_QuartzSchedulerThread] DEBUG o.quartz.core.QuartzSchedulerThread [QuartzSchedulerThread.java:276] - batch acquisition of 1 triggers
2015-11-11 15:22:41,145 300252 [MyScheduler_QuartzSchedulerThread] DEBUG o.q.simpl.PropertySettingJobFactory [SimpleJobFactory.java:51] - Producing instance of Job 'group1.scannerjob', class=com.rtn.systemhealth.job.ScannerJob
2015-11-11 15:22:41,145 300252 [MyScheduler_QuartzSchedulerThread] DEBUG o.quartz.core.QuartzSchedulerThread [QuartzSchedulerThread.java:276] - batch acquisition of 0 triggers
2015-11-11 15:22:41,145 300252 [MyScheduler_Worker-3] DEBUG org.quartz.core.JobRunShell [JobRunShell.java:201] - Calling execute on job group1.scannerjob
2015-11-11 15:22:41,145 300252 [MyScheduler_Worker-3] DEBUG com.rtn.systemhealth.job.ScannerJob [ScannerJob.java:40] - executing...
2015-11-11 15:22:41,145 300252 [MyScheduler_QuartzSchedulerThread] DEBUG o.quartz.core.QuartzSchedulerThread [QuartzSchedulerThread.java:276] - batch acquisition of 0 triggers
2015-11-11 15:23:08,929 328036 [MyScheduler_QuartzSchedulerThread] DEBUG o.quartz.core.QuartzSchedulerThread [QuartzSchedulerThread.java:276] - batch acquisition of 0 triggers
2015-11-11 15:23:37,346 356453 [MyScheduler_QuartzSchedulerThread] DEBUG o.quartz.core.QuartzSchedulerThread [QuartzSchedulerThread.java:276] - batch acquisition of 1 triggers
2015-11-11 15:23:41,156 360263 [MyScheduler_QuartzSchedulerThread] DEBUG o.q.simpl.PropertySettingJobFactory [SimpleJobFactory.java:51] - Producing instance of Job 'group1.scannerjob', class=com.rtn.systemhealth.job.ScannerJob
2015-11-11 15:23:41,156 360263 [MyScheduler_Worker-1] DEBUG org.quartz.core.JobRunShell [JobRunShell.java:201] - Calling execute on job group1.scannerjob
2015-11-11 15:23:41,156 360263 [MyScheduler_QuartzSchedulerThread] DEBUG o.quartz.core.QuartzSchedulerThread [QuartzSchedulerThread.java:276] - batch acquisition of 0 triggers
2015-11-11 15:23:41,156 360263 [MyScheduler_Worker-1] DEBUG com.rtn.systemhealth.job.ScannerJob [ScannerJob.java:40] - executing...
2015-11-11 15:23:41,156 360263 [MyScheduler_QuartzSchedulerThread] DEBUG o.quartz.core.QuartzSchedulerThread [QuartzSchedulerThread.java:276] - batch acquisition of 0 triggers
2015-11-11 15:27:07,646 187  [main] INFO  org.quartz.impl.StdSchedulerFactory [StdSchedulerFactory.java:1172] - Using default implementation for ThreadExecutor
2015-11-11 15:27:07,662 203  [main] INFO  o.quartz.core.SchedulerSignalerImpl [SchedulerSignalerImpl.java:61] - Initialized Scheduler Signaller of type: class org.quartz.core.SchedulerSignalerImpl
2015-11-11 15:27:07,662 203  [main] INFO  org.quartz.core.QuartzScheduler [QuartzScheduler.java:240] - Quartz Scheduler v.2.2.2 created.
2015-11-11 15:27:07,662 203  [main] INFO  org.quartz.simpl.RAMJobStore [RAMJobStore.java:155] - RAMJobStore initialized.
2015-11-11 15:27:07,662 203  [main] INFO  org.quartz.core.QuartzScheduler [QuartzScheduler.java:305] - Scheduler meta-data: Quartz Scheduler (v2.2.2) 'MyScheduler' with instanceId 'NON_CLUSTERED'
  Scheduler class: 'org.quartz.core.QuartzScheduler' - running locally.
  NOT STARTED.
  Currently in standby mode.
  Number of jobs executed: 0
  Using thread pool 'org.quartz.simpl.SimpleThreadPool' - with 3 threads.
  Using job-store 'org.quartz.simpl.RAMJobStore' - which does not support persistence. and is not clustered.

2015-11-11 15:27:07,662 203  [main] INFO  org.quartz.impl.StdSchedulerFactory [StdSchedulerFactory.java:1327] - Quartz scheduler 'MyScheduler' initialized from default resource file in Quartz package: 'quartz.properties'
2015-11-11 15:27:07,662 203  [main] INFO  org.quartz.impl.StdSchedulerFactory [StdSchedulerFactory.java:1331] - Quartz scheduler version: 2.2.2
2015-11-11 15:27:07,677 218  [main] INFO  com.rtn.systemhealth.job.ScannerJob [ScannerJob.java:64] - group1.scannerjob will run at: Wed Nov 11 15:27:07 MST 2015 and repeat: -1 times, every 60 seconds
2015-11-11 15:27:07,677 218  [main] INFO  com.rtn.systemhealth.job.ScannerJob [ScannerJob.java:67] - ------- Starting Scheduler ----------------
2015-11-11 15:27:07,677 218  [main] INFO  org.quartz.core.QuartzScheduler [QuartzScheduler.java:575] - Scheduler MyScheduler_$_NON_CLUSTERED started.
2015-11-11 15:27:07,677 218  [main] INFO  com.rtn.systemhealth.job.ScannerJob [ScannerJob.java:75] - ------- Started Scheduler -----------------
2015-11-11 15:27:07,677 218  [MyScheduler_Worker-1] DEBUG com.rtn.systemhealth.job.ScannerJob [ScannerJob.java:40] - executing...
2015-11-11 15:28:07,679 60220 [MyScheduler_Worker-2] DEBUG com.rtn.systemhealth.job.ScannerJob [ScannerJob.java:40] - executing...
2015-11-11 15:29:07,688 120229 [MyScheduler_Worker-3] DEBUG com.rtn.systemhealth.job.ScannerJob [ScannerJob.java:40] - executing...
2015-11-11 15:30:07,684 180225 [MyScheduler_Worker-1] DEBUG com.rtn.systemhealth.job.ScannerJob [ScannerJob.java:40] - executing...
2015-11-11 15:31:07,681 240222 [MyScheduler_Worker-2] DEBUG com.rtn.systemhealth.job.ScannerJob [ScannerJob.java:40] - executing...
2015-11-11 15:32:07,678 300219 [MyScheduler_Worker-3] DEBUG com.rtn.systemhealth.job.ScannerJob [ScannerJob.java:40] - executing...
2015-11-11 15:33:07,690 360231 [MyScheduler_Worker-1] DEBUG com.rtn.systemhealth.job.ScannerJob [ScannerJob.java:40] - executing...
2015-11-11 15:34:07,687 420228 [MyScheduler_Worker-2] DEBUG com.rtn.systemhealth.job.ScannerJob [ScannerJob.java:40] - executing...
2015-11-11 15:35:07,683 480224 [MyScheduler_Worker-3] DEBUG com.rtn.systemhealth.job.ScannerJob [ScannerJob.java:40] - executing...
2015-11-11 15:36:07,680 540221 [MyScheduler_Worker-1] DEBUG com.rtn.systemhealth.job.ScannerJob [ScannerJob.java:40] - executing...
2015-11-11 15:37:07,677 600218 [MyScheduler_Worker-2] DEBUG com.rtn.systemhealth.job.ScannerJob [ScannerJob.java:40] - executing...
2015-11-11 15:38:07,689 660230 [MyScheduler_Worker-3] DEBUG com.rtn.systemhealth.job.ScannerJob [ScannerJob.java:40] - executing...
2015-11-11 15:39:07,686 720227 [MyScheduler_Worker-1] DEBUG com.rtn.systemhealth.job.ScannerJob [ScannerJob.java:40] - executing...
2015-11-11 15:40:07,682 780223 [MyScheduler_Worker-2] DEBUG com.rtn.systemhealth.job.ScannerJob [ScannerJob.java:40] - executing...
2015-11-11 15:41:07,679 840220 [MyScheduler_Worker-3] DEBUG com.rtn.systemhealth.job.ScannerJob [ScannerJob.java:40] - executing...
2015-11-11 15:42:07,691 900232 [MyScheduler_Worker-1] DEBUG com.rtn.systemhealth.job.ScannerJob [ScannerJob.java:40] - executing...
2015-11-11 15:43:07,688 960229 [MyScheduler_Worker-2] DEBUG com.rtn.systemhealth.job.ScannerJob [ScannerJob.java:40] - executing...
2015-11-11 15:44:07,685 1020226 [MyScheduler_Worker-3] DEBUG com.rtn.systemhealth.job.ScannerJob [ScannerJob.java:40] - executing...
2015-11-11 15:45:07,681 1080222 [MyScheduler_Worker-1] DEBUG com.rtn.systemhealth.job.ScannerJob [ScannerJob.java:40] - executing...
2015-11-11 15:46:07,678 1140219 [MyScheduler_Worker-2] DEBUG com.rtn.systemhealth.job.ScannerJob [ScannerJob.java:40] - executing...
2015-11-11 15:47:07,680 1200221 [MyScheduler_Worker-3] DEBUG com.rtn.systemhealth.job.ScannerJob [ScannerJob.java:40] - executing...
2015-11-11 15:48:07,689 1260230 [MyScheduler_Worker-1] DEBUG com.rtn.systemhealth.job.ScannerJob [ScannerJob.java:40] - executing...
2015-11-11 15:49:07,683 1320224 [MyScheduler_Worker-2] DEBUG com.rtn.systemhealth.job.ScannerJob [ScannerJob.java:40] - executing...
2015-11-11 15:50:07,692 1380233 [MyScheduler_Worker-3] DEBUG com.rtn.systemhealth.job.ScannerJob [ScannerJob.java:40] - executing...
2015-11-11 15:51:07,681 1440222 [MyScheduler_Worker-1] DEBUG com.rtn.systemhealth.job.ScannerJob [ScannerJob.java:40] - executing...
2015-11-11 15:52:07,687 1500228 [MyScheduler_Worker-2] DEBUG com.rtn.systemhealth.job.ScannerJob [ScannerJob.java:40] - executing...
2015-11-11 15:53:07,688 1560229 [MyScheduler_Worker-3] DEBUG com.rtn.systemhealth.job.ScannerJob [ScannerJob.java:40] - executing...
2015-11-11 15:54:07,677 1620218 [MyScheduler_Worker-1] DEBUG com.rtn.systemhealth.job.ScannerJob [ScannerJob.java:40] - executing...
2015-11-11 15:55:07,692 1680233 [MyScheduler_Worker-2] DEBUG com.rtn.systemhealth.job.ScannerJob [ScannerJob.java:40] - executing...
2015-11-11 15:56:07,678 1740219 [MyScheduler_Worker-3] DEBUG com.rtn.systemhealth.job.ScannerJob [ScannerJob.java:40] - executing...
2015-11-11 15:57:07,686 1800227 [MyScheduler_Worker-1] DEBUG com.rtn.systemhealth.job.ScannerJob [ScannerJob.java:40] - executing...
2015-11-11 15:58:07,688 1860229 [MyScheduler_Worker-2] DEBUG com.rtn.systemhealth.job.ScannerJob [ScannerJob.java:40] - executing...
2015-11-11 15:59:07,687 1920228 [MyScheduler_Worker-3] DEBUG com.rtn.systemhealth.job.ScannerJob [ScannerJob.java:40] - executing...
2015-11-11 16:00:07,685 1980226 [MyScheduler_Worker-1] DEBUG com.rtn.systemhealth.job.ScannerJob [ScannerJob.java:40] - executing...
2015-11-11 16:01:07,677 2040218 [MyScheduler_Worker-2] DEBUG com.rtn.systemhealth.job.ScannerJob [ScannerJob.java:40] - executing...
2015-11-11 16:02:07,684 2100225 [MyScheduler_Worker-3] DEBUG com.rtn.systemhealth.job.ScannerJob [ScannerJob.java:40] - executing...
2015-11-11 16:03:07,682 2160223 [MyScheduler_Worker-1] DEBUG com.rtn.systemhealth.job.ScannerJob [ScannerJob.java:40] - executing...
2015-11-11 16:04:07,691 2220232 [MyScheduler_Worker-2] DEBUG com.rtn.systemhealth.job.ScannerJob [ScannerJob.java:40] - executing...
2015-11-11 16:05:07,689 2280230 [MyScheduler_Worker-3] DEBUG com.rtn.systemhealth.job.ScannerJob [ScannerJob.java:40] - executing...
2015-11-11 16:06:07,681 2340222 [MyScheduler_Worker-1] DEBUG com.rtn.systemhealth.job.ScannerJob [ScannerJob.java:40] - executing...
2015-11-11 16:07:07,679 2400220 [MyScheduler_Worker-2] DEBUG com.rtn.systemhealth.job.ScannerJob [ScannerJob.java:40] - executing...
2015-11-11 16:08:07,684 2460225 [MyScheduler_Worker-3] DEBUG com.rtn.systemhealth.job.ScannerJob [ScannerJob.java:40] - executing...
2015-11-11 16:09:07,689 2520230 [MyScheduler_Worker-1] DEBUG com.rtn.systemhealth.job.ScannerJob [ScannerJob.java:40] - executing...
2015-11-11 16:10:07,680 2580221 [MyScheduler_Worker-2] DEBUG com.rtn.systemhealth.job.ScannerJob [ScannerJob.java:40] - executing...
2015-11-11 16:11:07,677 2640218 [MyScheduler_Worker-3] DEBUG com.rtn.systemhealth.job.ScannerJob [ScannerJob.java:40] - executing...
2015-11-11 16:12:07,685 2700226 [MyScheduler_Worker-1] DEBUG com.rtn.systemhealth.job.ScannerJob [ScannerJob.java:40] - executing...
2015-11-11 16:13:07,682 2760223 [MyScheduler_Worker-2] DEBUG com.rtn.systemhealth.job.ScannerJob [ScannerJob.java:40] - executing...
2015-11-11 16:14:07,684 2820225 [MyScheduler_Worker-3] DEBUG com.rtn.systemhealth.job.ScannerJob [ScannerJob.java:40] - executing...
2015-11-11 16:15:07,677 2880218 [MyScheduler_Worker-1] DEBUG com.rtn.systemhealth.job.ScannerJob [ScannerJob.java:40] - executing...
2015-11-11 16:16:07,691 2940232 [MyScheduler_Worker-2] DEBUG com.rtn.systemhealth.job.ScannerJob [ScannerJob.java:40] - executing...
2015-11-11 16:17:07,688 3000229 [MyScheduler_Worker-3] DEBUG com.rtn.systemhealth.job.ScannerJob [ScannerJob.java:40] - executing...
2015-11-11 16:18:07,681 3060222 [MyScheduler_Worker-1] DEBUG com.rtn.systemhealth.job.ScannerJob [ScannerJob.java:40] - executing...
2015-11-11 16:19:07,679 3120220 [MyScheduler_Worker-2] DEBUG com.rtn.systemhealth.job.ScannerJob [ScannerJob.java:40] - executing...
2015-11-11 16:20:07,692 3180233 [MyScheduler_Worker-3] DEBUG com.rtn.systemhealth.job.ScannerJob [ScannerJob.java:40] - executing...
2015-11-11 16:21:07,689 3240230 [MyScheduler_Worker-1] DEBUG com.rtn.systemhealth.job.ScannerJob [ScannerJob.java:40] - executing...
2015-11-11 16:22:07,692 3300233 [MyScheduler_Worker-2] DEBUG com.rtn.systemhealth.job.ScannerJob [ScannerJob.java:40] - executing...
2015-11-11 16:23:07,684 3360225 [MyScheduler_Worker-3] DEBUG com.rtn.systemhealth.job.ScannerJob [ScannerJob.java:40] - executing...
2015-11-11 16:24:07,680 3420221 [MyScheduler_Worker-1] DEBUG com.rtn.systemhealth.job.ScannerJob [ScannerJob.java:40] - executing...
2015-11-11 16:25:07,685 3480226 [MyScheduler_Worker-2] DEBUG com.rtn.systemhealth.job.ScannerJob [ScannerJob.java:40] - executing...
2015-11-11 16:26:07,689 3540230 [MyScheduler_Worker-3] DEBUG com.rtn.systemhealth.job.ScannerJob [ScannerJob.java:40] - executing...
2015-11-11 16:27:07,688 3600229 [MyScheduler_Worker-1] DEBUG com.rtn.systemhealth.job.ScannerJob [ScannerJob.java:40] - executing...
2015-11-11 16:28:07,687 3660228 [MyScheduler_Worker-2] DEBUG com.rtn.systemhealth.job.ScannerJob [ScannerJob.java:40] - executing...
2015-11-11 16:29:07,687 3720228 [MyScheduler_Worker-3] DEBUG com.rtn.systemhealth.job.ScannerJob [ScannerJob.java:40] - executing...
2015-11-11 16:30:07,684 3780225 [MyScheduler_Worker-1] DEBUG com.rtn.systemhealth.job.ScannerJob [ScannerJob.java:40] - executing...
2015-11-11 16:31:07,688 3840229 [MyScheduler_Worker-2] DEBUG com.rtn.systemhealth.job.ScannerJob [ScannerJob.java:40] - executing...
2015-11-11 16:32:07,686 3900227 [MyScheduler_Worker-3] DEBUG com.rtn.systemhealth.job.ScannerJob [ScannerJob.java:40] - executing...
2015-11-11 16:33:07,684 3960225 [MyScheduler_Worker-1] DEBUG com.rtn.systemhealth.job.ScannerJob [ScannerJob.java:40] - executing...
2015-11-11 16:34:07,683 4020224 [MyScheduler_Worker-2] DEBUG com.rtn.systemhealth.job.ScannerJob [ScannerJob.java:40] - executing...
2015-11-11 16:35:07,677 4080218 [MyScheduler_Worker-3] DEBUG com.rtn.systemhealth.job.ScannerJob [ScannerJob.java:40] - executing...
2015-11-11 16:36:07,678 4140219 [MyScheduler_Worker-1] DEBUG com.rtn.systemhealth.job.ScannerJob [ScannerJob.java:40] - executing...
2015-11-11 16:37:07,683 4200224 [MyScheduler_Worker-2] DEBUG com.rtn.systemhealth.job.ScannerJob [ScannerJob.java:40] - executing...
2015-11-11 16:38:07,679 4260220 [MyScheduler_Worker-3] DEBUG com.rtn.systemhealth.job.ScannerJob [ScannerJob.java:40] - executing...
2015-11-11 16:39:07,692 4320233 [MyScheduler_Worker-1] DEBUG com.rtn.systemhealth.job.ScannerJob [ScannerJob.java:40] - executing...
2015-11-11 16:40:07,676 4380217 [MyScheduler_Worker-2] DEBUG com.rtn.systemhealth.job.ScannerJob [ScannerJob.java:40] - executing...
2015-11-11 16:41:07,692 4440233 [MyScheduler_Worker-3] DEBUG com.rtn.systemhealth.job.ScannerJob [ScannerJob.java:40] - executing...
2015-11-11 16:42:07,677 4500218 [MyScheduler_Worker-1] DEBUG com.rtn.systemhealth.job.ScannerJob [ScannerJob.java:40] - executing...
2015-11-11 16:43:07,678 4560219 [MyScheduler_Worker-2] DEBUG com.rtn.systemhealth.job.ScannerJob [ScannerJob.java:40] - executing...
2015-11-11 16:44:07,679 4620220 [MyScheduler_Worker-3] DEBUG com.rtn.systemhealth.job.ScannerJob [ScannerJob.java:40] - executing...
2015-11-11 16:45:07,685 4680226 [MyScheduler_Worker-1] DEBUG com.rtn.systemhealth.job.ScannerJob [ScannerJob.java:40] - executing...
2015-11-11 16:46:07,685 4740226 [MyScheduler_Worker-2] DEBUG com.rtn.systemhealth.job.ScannerJob [ScannerJob.java:40] - executing...
2015-11-11 16:47:07,679 4800220 [MyScheduler_Worker-3] DEBUG com.rtn.systemhealth.job.ScannerJob [ScannerJob.java:40] - executing...
2015-11-11 16:48:07,690 4860231 [MyScheduler_Worker-1] DEBUG com.rtn.systemhealth.job.ScannerJob [ScannerJob.java:40] - executing...
2015-11-11 16:49:07,685 4920226 [MyScheduler_Worker-2] DEBUG com.rtn.systemhealth.job.ScannerJob [ScannerJob.java:40] - executing...
2015-11-11 16:50:07,679 4980220 [MyScheduler_Worker-3] DEBUG com.rtn.systemhealth.job.ScannerJob [ScannerJob.java:40] - executing...
2015-11-11 16:51:07,678 5040219 [MyScheduler_Worker-1] DEBUG com.rtn.systemhealth.job.ScannerJob [ScannerJob.java:40] - executing...
2015-11-11 16:52:07,687 5100228 [MyScheduler_Worker-2] DEBUG com.rtn.systemhealth.job.ScannerJob [ScannerJob.java:40] - executing...
2015-11-11 16:53:07,690 5160231 [MyScheduler_Worker-3] DEBUG com.rtn.systemhealth.job.ScannerJob [ScannerJob.java:40] - executing...
2015-11-11 16:54:07,683 5220224 [MyScheduler_Worker-1] DEBUG com.rtn.systemhealth.job.ScannerJob [ScannerJob.java:40] - executing...
2015-11-11 16:55:07,681 5280222 [MyScheduler_Worker-2] DEBUG com.rtn.systemhealth.job.ScannerJob [ScannerJob.java:40] - executing...
2015-11-11 16:56:07,690 5340231 [MyScheduler_Worker-3] DEBUG com.rtn.systemhealth.job.ScannerJob [ScannerJob.java:40] - executing...
2015-11-11 16:57:07,691 5400232 [MyScheduler_Worker-1] DEBUG com.rtn.systemhealth.job.ScannerJob [ScannerJob.java:40] - executing...
2015-11-11 16:58:07,679 5460220 [MyScheduler_Worker-2] DEBUG com.rtn.systemhealth.job.ScannerJob [ScannerJob.java:40] - executing...
2015-11-11 16:59:07,688 5520229 [MyScheduler_Worker-3] DEBUG com.rtn.systemhealth.job.ScannerJob [ScannerJob.java:40] - executing...
2015-11-11 17:00:07,679 5580220 [MyScheduler_Worker-1] DEBUG com.rtn.systemhealth.job.ScannerJob [ScannerJob.java:40] - executing...
2015-11-11 17:01:07,687 5640228 [MyScheduler_Worker-2] DEBUG com.rtn.systemhealth.job.ScannerJob [ScannerJob.java:40] - executing...
2015-11-11 17:02:07,677 5700218 [MyScheduler_Worker-3] DEBUG com.rtn.systemhealth.job.ScannerJob [ScannerJob.java:40] - executing...
2015-11-11 17:03:07,690 5760231 [MyScheduler_Worker-1] DEBUG com.rtn.systemhealth.job.ScannerJob [ScannerJob.java:40] - executing...
2015-11-11 17:04:07,685 5820226 [MyScheduler_Worker-2] DEBUG com.rtn.systemhealth.job.ScannerJob [ScannerJob.java:40] - executing...
